{"ts": 1747752186.268238, "type": "BEGIN", "id": 1}
{"ts": 1747752194.6055045, "type": "INSERT", "id": 1, "data": {"id": 1, "name": "Alice", "age": 30, "email": "alice@mail"}}
{"ts": 1747752204.0297205, "type": "INSERT", "id": 1, "data": {"id": 2, "name": "Bob", "age": 22, "email": "bob@mail"}}
{"ts": 1747752210.3618305, "type": "COMMIT", "id": 1}
{"ts": 1747758626.5501673, "type": "BEGIN", "id": 1}
{"ts": 1747758631.9990177, "type": "ACTION", "id": 1, "data": {"op": "INSERT", "table": "users", "row": {"id": 99, "name": "Crash", "age": 0, "email": "x"}}}
{"ts": 1747758826.452637, "type": "BEGIN", "id": 1}
{"ts": 1747758832.0873492, "type": "ACTION", "id": 1, "data": {"op": "INSERT", "table": "users", "row": {"id": 1, "name": "Alice", "age": 30, "email": "alice@mail"}}}
{"type": "FLUSH"}
{"type": "FLUSH"}
{"type": "FLUSH"}
{"type": "FLUSH"}
{"type": "FLUSH"}
{"type": "FLUSH"}
{"type": "FLUSH"}
{"type": "FLUSH"}
{"type": "FLUSH"}
{"type": "FLUSH"}
{"type": "FLUSH"}
{"type": "FLUSH"}
{"type": "FLUSH"}
{"type": "FLUSH"}
{"type": "FLUSH"}
{"type": "FLUSH"}
{"type": "FLUSH"}
{"type": "FLUSH"}
{"type": "FLUSH"}
{"type": "FLUSH"}
{"type": "FLUSH"}
{"type": "FLUSH"}
{"type": "FLUSH"}
{"type": "FLUSH"}
{"type": "FLUSH"}
{"type": "FLUSH"}
{"type": "FLUSH"}
{"type": "FLUSH"}
{"type": "FLUSH"}
{"type": "FLUSH"}
{"type": "FLUSH"}
{"type": "FLUSH"}
{"type": "FLUSH"}
{"type": "FLUSH"}
{"type": "FLUSH"}
{"type": "FLUSH"}
{"type": "FLUSH"}
{"type": "FLUSH"}
{"type": "FLUSH"}
{"type": "FLUSH"}
{"type": "FLUSH"}
{"type": "FLUSH"}
{"type": "FLUSH"}
{"type": "FLUSH"}
{"type": "FLUSH"}
{"type": "FLUSH"}
{"type": "FLUSH"}
{"type": "FLUSH"}
{"type": "FLUSH"}
{"type": "FLUSH"}
{"type": "FLUSH"}
{"type": "FLUSH"}
{"type": "FLUSH"}
{"type": "FLUSH"}
{"type": "FLUSH"}
{"type": "FLUSH"}
{"type": "FLUSH"}
{"type": "FLUSH"}
{"type": "FLUSH"}
{"type": "FLUSH"}
{"type": "FLUSH"}
{"type": "FLUSH"}
{"type": "FLUSH"}
{"type": "FLUSH"}
{"type": "FLUSH"}
{"type": "FLUSH"}
{"type": "FLUSH"}
{"type": "FLUSH"}
{"type": "FLUSH"}
{"type": "FLUSH"}
{"type": "FLUSH"}
{"type": "FLUSH"}
{"type": "FLUSH"}
{"type": "FLUSH"}
{"type": "FLUSH"}
{"type": "FLUSH"}
{"type": "FLUSH"}
{"type": "FLUSH"}
{"type": "FLUSH"}
{"type": "FLUSH"}
{"type": "FLUSH"}
{"type": "FLUSH"}
{"type": "FLUSH"}
{"type": "FLUSH"}
{"type": "FLUSH"}
{"type": "FLUSH"}
{"type": "FLUSH"}
{"type": "FLUSH"}
{"type": "FLUSH"}
{"type": "FLUSH"}
{"type": "FLUSH"}
{"type": "FLUSH"}
{"type": "FLUSH"}
{"type": "FLUSH"}
{"type": "FLUSH"}
{"type": "FLUSH"}
{"type": "FLUSH"}
{"type": "FLUSH"}
{"type": "FLUSH"}
{"type": "FLUSH"}
{"type": "FLUSH"}
{"type": "FLUSH"}
{"type": "FLUSH"}
{"type": "FLUSH"}
{"type": "FLUSH"}
{"type": "FLUSH"}
{"type": "FLUSH"}
{"type": "FLUSH"}
{"type": "FLUSH"}
{"type": "FLUSH"}
{"type": "FLUSH"}
{"type": "FLUSH"}
{"type": "FLUSH"}
{"type": "FLUSH"}
{"type": "FLUSH"}
{"type": "FLUSH"}
{"type": "FLUSH"}
{"type": "FLUSH"}
{"type": "FLUSH"}
{"type": "FLUSH"}
{"type": "FLUSH"}
{"type": "FLUSH"}
{"type": "FLUSH"}
{"type": "FLUSH"}
{"type": "FLUSH"}
{"type": "FLUSH"}
{"type": "FLUSH"}
{"type": "FLUSH"}
{"type": "FLUSH"}
{"type": "FLUSH"}
{"type": "FLUSH"}
{"type": "FLUSH"}
{"type": "FLUSH"}
{"type": "FLUSH"}
{"type": "FLUSH"}
{"type": "FLUSH"}
{"type": "FLUSH"}
{"type": "FLUSH"}
{"type": "FLUSH"}
{"type": "FLUSH"}
{"type": "FLUSH"}
{"type": "FLUSH"}
{"type": "FLUSH"}
{"type": "FLUSH"}
{"type": "FLUSH"}
{"type": "FLUSH"}
{"type": "FLUSH"}
{"type": "FLUSH"}
{"type": "FLUSH"}
{"type": "FLUSH"}
{"type": "FLUSH"}
{"type": "FLUSH"}
{"type": "FLUSH"}
{"type": "FLUSH"}
{"type": "FLUSH"}
{"type": "FLUSH"}
{"type": "FLUSH"}
{"type": "FLUSH"}
{"type": "FLUSH"}
{"type": "FLUSH"}
{"type": "FLUSH"}
{"type": "FLUSH"}
{"type": "FLUSH"}
{"type": "FLUSH"}
{"type": "FLUSH"}
{"type": "FLUSH"}
{"type": "FLUSH"}
{"type": "FLUSH"}
{"type": "FLUSH"}
{"type": "FLUSH"}
{"type": "FLUSH"}
{"type": "FLUSH"}
{"type": "FLUSH"}
{"type": "FLUSH"}
{"type": "FLUSH"}
{"type": "FLUSH"}
{"type": "FLUSH"}
{"type": "FLUSH"}
{"type": "FLUSH"}
{"type": "FLUSH"}
{"type": "FLUSH"}
{"type": "FLUSH"}
{"type": "FLUSH"}
{"type": "FLUSH"}
{"type": "FLUSH"}
{"type": "FLUSH"}
{"type": "FLUSH"}
{"type": "FLUSH"}
{"type": "FLUSH"}
{"type": "FLUSH"}
{"type": "FLUSH"}
{"type": "FLUSH"}
{"type": "FLUSH"}
{"type": "FLUSH"}
{"type": "FLUSH"}
{"type": "FLUSH"}
{"type": "FLUSH"}
{"type": "FLUSH"}
{"type": "FLUSH"}
{"type": "FLUSH"}
{"type": "FLUSH"}
{"type": "FLUSH"}
{"type": "FLUSH"}
{"type": "FLUSH"}
{"type": "FLUSH"}
{"type": "FLUSH"}
{"type": "FLUSH"}
{"type": "FLUSH"}
{"type": "FLUSH"}
{"type": "FLUSH"}
{"type": "FLUSH"}
{"type": "FLUSH"}
{"type": "FLUSH"}
{"type": "FLUSH"}
{"type": "FLUSH"}
{"type": "FLUSH"}
{"type": "FLUSH"}
{"type": "FLUSH"}
{"type": "FLUSH"}
{"type": "FLUSH"}
{"type": "FLUSH"}
{"type": "FLUSH"}
{"type": "FLUSH"}
{"type": "FLUSH"}
{"type": "FLUSH"}
{"type": "FLUSH"}
{"type": "FLUSH"}
{"type": "FLUSH"}
{"type": "FLUSH"}
{"type": "FLUSH"}
{"type": "FLUSH"}
{"type": "FLUSH"}
{"type": "FLUSH"}
{"type": "FLUSH"}
{"type": "FLUSH"}
{"type": "FLUSH"}
{"type": "FLUSH"}
{"type": "FLUSH"}
{"type": "FLUSH"}
{"type": "FLUSH"}
{"type": "FLUSH"}
{"type": "FLUSH"}
{"type": "FLUSH"}
{"type": "FLUSH"}
{"type": "FLUSH"}
{"type": "FLUSH"}
{"type": "FLUSH"}
{"type": "FLUSH"}
{"type": "FLUSH"}
{"type": "FLUSH"}
{"type": "FLUSH"}
{"type": "FLUSH"}
{"type": "FLUSH"}
{"type": "FLUSH"}
{"type": "FLUSH"}
{"type": "FLUSH"}
{"type": "FLUSH"}
{"type": "FLUSH"}
{"type": "FLUSH"}
{"type": "FLUSH"}
{"type": "FLUSH"}
{"type": "FLUSH"}
{"type": "FLUSH"}
{"type": "FLUSH"}
{"type": "FLUSH"}
{"type": "FLUSH"}
{"type": "FLUSH"}
{"type": "FLUSH"}
{"type": "FLUSH"}
{"type": "FLUSH"}
{"type": "FLUSH"}
{"type": "FLUSH"}
{"type": "FLUSH"}
{"type": "FLUSH"}
{"type": "FLUSH"}
{"type": "FLUSH"}
{"type": "FLUSH"}
{"type": "FLUSH"}
{"type": "FLUSH"}
{"type": "FLUSH"}
{"type": "FLUSH"}
{"type": "FLUSH"}
{"type": "FLUSH"}
{"type": "FLUSH"}
{"type": "FLUSH"}
{"type": "FLUSH"}
{"type": "FLUSH"}
{"type": "FLUSH"}
{"type": "FLUSH"}
{"type": "FLUSH"}
{"type": "FLUSH"}
{"type": "FLUSH"}
{"type": "FLUSH"}
{"type": "FLUSH"}
{"type": "FLUSH"}
{"type": "FLUSH"}
{"type": "FLUSH"}
{"type": "FLUSH"}
{"type": "FLUSH"}
{"type": "FLUSH"}
{"type": "FLUSH"}
{"type": "FLUSH"}
{"type": "FLUSH"}
{"type": "FLUSH"}
{"type": "FLUSH"}
{"type": "FLUSH"}
{"type": "FLUSH"}
{"type": "FLUSH"}
{"type": "FLUSH"}
{"type": "FLUSH"}
{"type": "FLUSH"}
{"type": "FLUSH"}
{"type": "FLUSH"}
{"type": "FLUSH"}
{"type": "FLUSH"}
{"type": "FLUSH"}
{"type": "FLUSH"}
{"type": "FLUSH"}
{"type": "FLUSH"}
{"type": "FLUSH"}
{"type": "FLUSH"}
{"type": "FLUSH"}
{"type": "FLUSH"}
{"type": "FLUSH"}
{"type": "FLUSH"}
{"type": "FLUSH"}
{"type": "FLUSH"}
{"type": "FLUSH"}
{"type": "FLUSH"}
{"type": "FLUSH"}
{"type": "FLUSH"}
{"type": "FLUSH"}
{"type": "FLUSH"}
{"type": "FLUSH"}
{"type": "FLUSH"}
{"type": "FLUSH"}
{"type": "FLUSH"}
{"type": "FLUSH"}
{"type": "FLUSH"}
{"type": "FLUSH"}
{"type": "FLUSH"}
{"type": "FLUSH"}
{"type": "FLUSH"}
{"type": "FLUSH"}
{"type": "FLUSH"}
{"type": "FLUSH"}
{"type": "FLUSH"}
{"type": "FLUSH"}
{"type": "FLUSH"}
{"type": "FLUSH"}
{"type": "FLUSH"}
{"type": "FLUSH"}
{"type": "FLUSH"}
{"type": "FLUSH"}
{"type": "FLUSH"}
{"type": "FLUSH"}
{"type": "FLUSH"}
{"type": "FLUSH"}
{"type": "FLUSH"}
{"type": "FLUSH"}
{"type": "FLUSH"}
{"type": "FLUSH"}
{"type": "FLUSH"}
{"type": "FLUSH"}
{"type": "FLUSH"}
{"type": "FLUSH"}
{"type": "FLUSH"}
{"type": "FLUSH"}
{"type": "FLUSH"}
{"type": "FLUSH"}
{"type": "FLUSH"}
{"type": "FLUSH"}
{"type": "FLUSH"}
{"type": "FLUSH"}
{"type": "FLUSH"}
{"type": "FLUSH"}
{"type": "FLUSH"}
{"type": "FLUSH"}
{"ts": 1747765324.536999, "type": "BEGIN", "id": 1}
{"type": "FLUSH"}
{"type": "FLUSH"}
{"type": "FLUSH"}
{"type": "FLUSH"}
{"type": "FLUSH"}
{"type": "FLUSH"}
{"type": "FLUSH"}
{"type": "FLUSH"}
{"type": "FLUSH"}
{"type": "FLUSH"}
{"ts": 1747765411.3764112, "type": "BEGIN", "id": 1}
{"type": "FLUSH"}
{"type": "FLUSH"}
{"type": "FLUSH"}
{"type": "FLUSH"}
{"type": "FLUSH"}
{"type": "FLUSH"}
{"type": "FLUSH"}
{"type": "FLUSH"}
{"type": "FLUSH"}
{"type": "FLUSH"}
{"type": "FLUSH"}
{"type": "FLUSH"}
{"type": "FLUSH"}
{"type": "FLUSH"}
{"type": "FLUSH"}
{"type": "FLUSH"}
{"type": "FLUSH"}
{"type": "FLUSH"}
{"type": "FLUSH"}
{"type": "FLUSH"}
{"type": "FLUSH"}
{"type": "FLUSH"}
{"type": "FLUSH"}
{"type": "FLUSH"}
{"type": "FLUSH"}
{"type": "FLUSH"}
{"type": "FLUSH"}
{"type": "FLUSH"}
{"type": "FLUSH"}
{"type": "FLUSH"}
{"type": "FLUSH"}
{"type": "FLUSH"}
{"type": "FLUSH"}
{"type": "FLUSH"}
{"type": "FLUSH"}
{"type": "FLUSH"}
{"type": "FLUSH"}
{"type": "FLUSH"}
{"type": "FLUSH"}
{"type": "FLUSH"}
{"type": "FLUSH"}
{"type": "FLUSH"}
{"type": "FLUSH"}
{"type": "FLUSH"}
{"type": "FLUSH"}
{"type": "FLUSH"}
{"type": "FLUSH"}
{"type": "FLUSH"}
{"type": "FLUSH"}
{"type": "FLUSH"}
{"type": "FLUSH"}
{"type": "FLUSH"}
{"type": "FLUSH"}
{"type": "FLUSH"}
{"type": "FLUSH"}
{"type": "FLUSH"}
{"type": "FLUSH"}
{"type": "FLUSH"}
{"type": "FLUSH"}
{"type": "FLUSH"}
{"type": "FLUSH"}
{"type": "FLUSH"}
{"type": "FLUSH"}
{"type": "FLUSH"}
{"type": "FLUSH"}
{"type": "FLUSH"}
{"type": "FLUSH"}
{"type": "FLUSH"}
{"type": "FLUSH"}
{"type": "FLUSH"}
{"type": "FLUSH"}
{"type": "FLUSH"}
{"type": "FLUSH"}
{"type": "FLUSH"}
{"type": "FLUSH"}
{"type": "FLUSH"}
{"type": "FLUSH"}
{"type": "FLUSH"}
{"type": "FLUSH"}
{"type": "FLUSH"}
{"type": "FLUSH"}
{"type": "FLUSH"}
{"type": "FLUSH"}
{"type": "FLUSH"}
{"type": "FLUSH"}
{"type": "FLUSH"}
{"type": "FLUSH"}
{"ts": 1747765459.5592859, "type": "BEGIN", "id": 1}
{"type": "FLUSH"}
{"type": "FLUSH"}
{"type": "FLUSH"}
{"type": "FLUSH"}
{"type": "FLUSH"}
{"type": "FLUSH"}
{"type": "FLUSH"}
{"type": "FLUSH"}
{"type": "FLUSH"}
{"type": "FLUSH"}
{"type": "FLUSH"}
{"type": "FLUSH"}
{"type": "FLUSH"}
{"type": "FLUSH"}
{"type": "FLUSH"}
{"type": "FLUSH"}
{"type": "FLUSH"}
{"type": "FLUSH"}
{"type": "FLUSH"}
{"type": "FLUSH"}
{"type": "FLUSH"}
{"type": "FLUSH"}
{"type": "FLUSH"}
{"type": "FLUSH"}
{"type": "FLUSH"}
{"type": "FLUSH"}
{"type": "FLUSH"}
{"type": "FLUSH"}
{"type": "FLUSH"}
{"type": "FLUSH"}
{"type": "FLUSH"}
{"type": "FLUSH"}
{"ts": 1747765476.674207, "type": "BEGIN", "id": 2}
{"type": "FLUSH"}
{"type": "FLUSH"}
{"type": "FLUSH"}
{"type": "FLUSH"}
{"type": "FLUSH"}
{"type": "FLUSH"}
{"type": "FLUSH"}
{"type": "FLUSH"}
{"type": "FLUSH"}
{"type": "FLUSH"}
{"type": "FLUSH"}
{"type": "FLUSH"}
{"type": "FLUSH"}
{"type": "FLUSH"}
{"type": "FLUSH"}
{"type": "FLUSH"}
{"type": "FLUSH"}
{"type": "FLUSH"}
{"type": "FLUSH"}
{"type": "FLUSH"}
{"type": "FLUSH"}
{"type": "FLUSH"}
{"type": "FLUSH"}
{"type": "FLUSH"}
{"type": "FLUSH"}
{"type": "FLUSH"}
{"type": "FLUSH"}
{"type": "FLUSH"}
{"type": "FLUSH"}
{"type": "FLUSH"}
{"type": "FLUSH"}
{"type": "FLUSH"}
{"type": "FLUSH"}
{"type": "FLUSH"}
{"type": "FLUSH"}
{"type": "FLUSH"}
{"type": "FLUSH"}
{"type": "FLUSH"}
{"type": "FLUSH"}
{"type": "FLUSH"}
{"type": "FLUSH"}
{"type": "FLUSH"}
{"type": "FLUSH"}
{"type": "FLUSH"}
{"type": "FLUSH"}
{"type": "FLUSH"}
{"type": "FLUSH"}
{"type": "FLUSH"}
{"type": "FLUSH"}
{"type": "FLUSH"}
{"type": "FLUSH"}
{"type": "FLUSH"}
{"ts": 1747765786.5260034, "type": "BEGIN", "id": 1}
{"type": "FLUSH"}
{"type": "FLUSH"}
{"type": "FLUSH"}
{"type": "FLUSH"}
{"type": "FLUSH"}
{"type": "FLUSH"}
{"type": "FLUSH"}
{"type": "FLUSH"}
{"type": "FLUSH"}
{"type": "FLUSH"}
{"type": "FLUSH"}
{"type": "FLUSH"}
{"type": "FLUSH"}
{"type": "FLUSH"}
{"type": "FLUSH"}
{"ts": 1747765794.542034, "type": "ACTION", "id": 1, "data": {"op": "INSERT", "table": "users", "row": {"id": 1, "name": "Alice"}}}
{"type": "FLUSH"}
{"type": "FLUSH"}
{"type": "FLUSH"}
{"type": "FLUSH"}
{"type": "FLUSH"}
{"type": "FLUSH"}
{"type": "FLUSH"}
{"type": "FLUSH"}
{"type": "FLUSH"}
{"type": "FLUSH"}
{"type": "FLUSH"}
{"type": "FLUSH"}
{"type": "FLUSH"}
{"type": "FLUSH"}
{"type": "FLUSH"}
{"type": "FLUSH"}
{"type": "FLUSH"}
{"type": "FLUSH"}
{"type": "FLUSH"}
{"type": "FLUSH"}
{"type": "FLUSH"}
{"type": "FLUSH"}
{"type": "FLUSH"}
{"type": "FLUSH"}
{"type": "FLUSH"}
{"type": "FLUSH"}
{"type": "FLUSH"}
{"type": "FLUSH"}
{"type": "FLUSH"}
{"type": "FLUSH"}
{"type": "FLUSH"}
{"type": "FLUSH"}
{"type": "FLUSH"}
{"type": "FLUSH"}
{"type": "FLUSH"}
{"type": "FLUSH"}
{"type": "FLUSH"}
{"type": "FLUSH"}
{"type": "FLUSH"}
{"type": "FLUSH"}
{"type": "FLUSH"}
{"type": "FLUSH"}
{"type": "FLUSH"}
{"type": "FLUSH"}
{"type": "FLUSH"}
{"type": "FLUSH"}
{"type": "FLUSH"}
{"type": "FLUSH"}
{"type": "FLUSH"}
{"type": "FLUSH"}
{"type": "FLUSH"}
{"type": "FLUSH"}
{"type": "FLUSH"}
{"type": "FLUSH"}
{"type": "FLUSH"}
{"type": "FLUSH"}
{"type": "FLUSH"}
{"type": "FLUSH"}
{"type": "FLUSH"}
{"type": "FLUSH"}
{"type": "FLUSH"}
{"type": "FLUSH"}
{"type": "FLUSH"}
{"type": "FLUSH"}
{"type": "FLUSH"}
{"type": "FLUSH"}
{"type": "FLUSH"}
{"type": "FLUSH"}
{"type": "FLUSH"}
{"type": "FLUSH"}
{"type": "FLUSH"}
{"type": "FLUSH"}
{"type": "FLUSH"}
{"type": "FLUSH"}
{"type": "FLUSH"}
{"type": "FLUSH"}
{"type": "FLUSH"}
{"type": "FLUSH"}
{"type": "FLUSH"}
{"type": "FLUSH"}
{"type": "FLUSH"}
{"type": "FLUSH"}
{"type": "FLUSH"}
{"type": "FLUSH"}
{"type": "FLUSH"}
{"type": "FLUSH"}
{"type": "FLUSH"}
{"type": "FLUSH"}
{"type": "FLUSH"}
{"type": "FLUSH"}
{"type": "FLUSH"}
{"type": "FLUSH"}
{"type": "FLUSH"}
{"type": "FLUSH"}
{"type": "FLUSH"}
{"type": "FLUSH"}
{"type": "FLUSH"}
{"type": "FLUSH"}
{"type": "FLUSH"}
{"type": "FLUSH"}
{"type": "FLUSH"}
{"type": "FLUSH"}
{"type": "FLUSH"}
{"type": "FLUSH"}
{"type": "FLUSH"}
{"type": "FLUSH"}
{"type": "FLUSH"}
{"type": "FLUSH"}
{"type": "FLUSH"}
{"type": "FLUSH"}
{"type": "FLUSH"}
{"type": "FLUSH"}
{"type": "FLUSH"}
{"type": "FLUSH"}
{"type": "FLUSH"}
{"type": "FLUSH"}
{"type": "FLUSH"}
{"type": "FLUSH"}
{"type": "FLUSH"}
{"type": "FLUSH"}
{"type": "FLUSH"}
{"type": "FLUSH"}
{"type": "FLUSH"}
{"type": "FLUSH"}
{"type": "FLUSH"}
{"type": "FLUSH"}
{"type": "FLUSH"}
{"type": "FLUSH"}
{"type": "FLUSH"}
{"type": "FLUSH"}
{"type": "FLUSH"}
{"type": "FLUSH"}
{"type": "FLUSH"}
{"type": "FLUSH"}
{"type": "FLUSH"}
{"type": "FLUSH"}
{"type": "FLUSH"}
{"type": "FLUSH"}
{"type": "FLUSH"}
{"type": "FLUSH"}
{"type": "FLUSH"}
{"type": "FLUSH"}
{"type": "FLUSH"}
{"type": "FLUSH"}
{"type": "FLUSH"}
{"type": "FLUSH"}
{"type": "FLUSH"}
{"type": "FLUSH"}
{"type": "FLUSH"}
{"type": "FLUSH"}
{"type": "FLUSH"}
{"type": "FLUSH"}
{"type": "FLUSH"}
{"type": "FLUSH"}
{"type": "FLUSH"}
{"type": "FLUSH"}
{"type": "FLUSH"}
{"type": "FLUSH"}
{"type": "FLUSH"}
{"type": "FLUSH"}
{"type": "FLUSH"}
{"type": "FLUSH"}
{"type": "FLUSH"}
{"type": "FLUSH"}
{"type": "FLUSH"}
{"type": "FLUSH"}
{"type": "FLUSH"}
{"type": "FLUSH"}
{"type": "FLUSH"}
{"type": "FLUSH"}
{"type": "FLUSH"}
{"type": "FLUSH"}
{"type": "FLUSH"}
{"type": "FLUSH"}
{"type": "FLUSH"}
{"type": "FLUSH"}
{"type": "FLUSH"}
{"type": "FLUSH"}
{"type": "FLUSH"}
{"type": "FLUSH"}
{"type": "FLUSH"}
{"type": "FLUSH"}
{"type": "FLUSH"}
{"type": "FLUSH"}
{"type": "FLUSH"}
{"type": "FLUSH"}
{"type": "FLUSH"}
{"type": "FLUSH"}
{"type": "FLUSH"}
{"type": "FLUSH"}
{"type": "FLUSH"}
{"type": "FLUSH"}
{"type": "FLUSH"}
{"type": "FLUSH"}
{"type": "FLUSH"}
{"type": "FLUSH"}
{"type": "FLUSH"}
{"type": "FLUSH"}
{"type": "FLUSH"}
{"type": "FLUSH"}
{"type": "FLUSH"}
{"type": "FLUSH"}
{"type": "FLUSH"}
{"type": "FLUSH"}
{"type": "FLUSH"}
{"type": "FLUSH"}
{"type": "FLUSH"}
{"type": "FLUSH"}
{"type": "FLUSH"}
{"type": "FLUSH"}
{"type": "FLUSH"}
{"type": "FLUSH"}
{"type": "FLUSH"}
{"type": "FLUSH"}
{"type": "FLUSH"}
{"type": "FLUSH"}
{"type": "FLUSH"}
{"type": "FLUSH"}
{"type": "FLUSH"}
{"type": "FLUSH"}
{"type": "FLUSH"}
{"type": "FLUSH"}
{"type": "FLUSH"}
{"type": "FLUSH"}
{"type": "FLUSH"}
{"type": "FLUSH"}
{"type": "FLUSH"}
{"type": "FLUSH"}
{"type": "FLUSH"}
{"type": "FLUSH"}
{"type": "FLUSH"}
{"type": "FLUSH"}
{"type": "FLUSH"}
{"type": "FLUSH"}
{"type": "FLUSH"}
{"type": "FLUSH"}
{"type": "FLUSH"}
{"type": "FLUSH"}
{"type": "FLUSH"}
{"type": "FLUSH"}
{"type": "FLUSH"}
{"type": "FLUSH"}
{"type": "FLUSH"}
{"type": "FLUSH"}
{"type": "FLUSH"}
{"type": "FLUSH"}
{"type": "FLUSH"}
{"type": "FLUSH"}
{"type": "FLUSH"}
{"type": "FLUSH"}
{"type": "FLUSH"}
{"type": "FLUSH"}
{"type": "FLUSH"}
{"type": "FLUSH"}
{"type": "FLUSH"}
{"type": "FLUSH"}
{"type": "FLUSH"}
{"type": "FLUSH"}
{"type": "FLUSH"}
{"type": "FLUSH"}
{"type": "FLUSH"}
{"type": "FLUSH"}
{"type": "FLUSH"}
{"type": "FLUSH"}
{"type": "FLUSH"}
{"type": "FLUSH"}
{"type": "FLUSH"}
{"type": "FLUSH"}
{"type": "FLUSH"}
{"type": "FLUSH"}
{"type": "FLUSH"}
{"ts": 1747765942.0184522, "type": "BEGIN", "id": 1}
{"type": "FLUSH"}
{"type": "FLUSH"}
{"type": "FLUSH"}
{"type": "FLUSH"}
{"type": "FLUSH"}
{"type": "FLUSH"}
{"type": "FLUSH"}
{"type": "FLUSH"}
{"type": "FLUSH"}
{"type": "FLUSH"}
{"type": "FLUSH"}
{"type": "FLUSH"}
{"type": "FLUSH"}
{"type": "FLUSH"}
{"type": "FLUSH"}
{"type": "FLUSH"}
{"type": "FLUSH"}
{"type": "FLUSH"}
{"type": "FLUSH"}
{"ts": 1747765953.1016128, "type": "COMMIT", "id": 1}
{"type": "FLUSH"}
{"type": "FLUSH"}
{"type": "FLUSH"}
{"type": "FLUSH"}
{"type": "FLUSH"}
{"type": "FLUSH"}
{"type": "FLUSH"}
{"type": "FLUSH"}
{"type": "FLUSH"}
{"type": "FLUSH"}
{"type": "FLUSH"}
{"type": "FLUSH"}
{"type": "FLUSH"}
{"type": "FLUSH"}
{"type": "FLUSH"}
{"type": "FLUSH"}
{"type": "FLUSH"}
{"type": "FLUSH"}
{"type": "FLUSH"}
{"type": "FLUSH"}
{"type": "FLUSH"}
{"type": "FLUSH"}
{"type": "FLUSH"}
{"type": "FLUSH"}
{"type": "FLUSH"}
{"type": "FLUSH"}
{"type": "FLUSH"}
{"type": "FLUSH"}
{"type": "FLUSH"}
{"type": "FLUSH"}
{"type": "FLUSH"}
{"type": "FLUSH"}
{"type": "FLUSH"}
{"type": "FLUSH"}
{"type": "FLUSH"}
{"type": "FLUSH"}
{"type": "FLUSH"}
{"type": "FLUSH"}
{"type": "FLUSH"}
{"type": "FLUSH"}
{"type": "FLUSH"}
{"type": "FLUSH"}
{"type": "FLUSH"}
{"type": "FLUSH"}
{"type": "FLUSH"}
{"type": "FLUSH"}
{"type": "FLUSH"}
{"type": "FLUSH"}
{"type": "FLUSH"}
{"type": "FLUSH"}
{"type": "FLUSH"}
{"type": "FLUSH"}
{"type": "FLUSH"}
{"type": "FLUSH"}
{"type": "FLUSH"}
{"type": "FLUSH"}
{"type": "FLUSH"}
{"type": "FLUSH"}
{"ts": 1747765984.5707045, "type": "BEGIN", "id": 2}
{"type": "FLUSH"}
{"type": "FLUSH"}
{"type": "FLUSH"}
{"type": "FLUSH"}
{"type": "FLUSH"}
{"type": "FLUSH"}
{"type": "FLUSH"}
{"type": "FLUSH"}
{"type": "FLUSH"}
{"type": "FLUSH"}
{"type": "FLUSH"}
{"type": "FLUSH"}
{"type": "FLUSH"}
{"type": "FLUSH"}
{"ts": 1747765992.5732195, "type": "ACTION", "id": 2, "data": {"op": "INSERT", "table": "products", "row": {"prod_id": 103, "title": "Headset", "price": 4999, "in_stock": 10}}}
{"type": "FLUSH"}
{"type": "FLUSH"}
{"type": "FLUSH"}
{"type": "FLUSH"}
{"type": "FLUSH"}
{"type": "FLUSH"}
{"type": "FLUSH"}
{"type": "FLUSH"}
{"ts": 1747765996.9206326, "type": "ACTION", "id": 2, "data": {"op": "INSERT", "table": "products", "row": {"prod_id": 104, "title": "Webcam", "price": 3999, "in_stock": 15}}}
{"type": "FLUSH"}
{"type": "FLUSH"}
{"type": "FLUSH"}
{"type": "FLUSH"}
{"type": "FLUSH"}
{"ts": 1747766000.4335675, "type": "COMMIT", "id": 2}
{"type": "FLUSH"}
{"type": "FLUSH"}
{"type": "FLUSH"}
{"type": "FLUSH"}
{"type": "FLUSH"}
{"type": "FLUSH"}
{"type": "FLUSH"}
{"type": "FLUSH"}
{"type": "FLUSH"}
{"type": "FLUSH"}
{"type": "FLUSH"}
{"type": "FLUSH"}
{"type": "FLUSH"}
{"type": "FLUSH"}
{"type": "FLUSH"}
{"type": "FLUSH"}
